 WARN [qtp1770734042-16 - /] 2016-05-30 00:33:51,932 ServletHandler.java (line 567) /
java.lang.NullPointerException
	at front.servlets.BaseServlet.initAnnotation(BaseServlet.java:37)
	at front.servlets.IndexServlet.doGet(IndexServlet.java:24)
	at javax.servlet.http.HttpServlet.service(HttpServlet.java:687)
	at javax.servlet.http.HttpServlet.service(HttpServlet.java:790)
	at org.eclipse.jetty.servlet.ServletHolder.handle(ServletHolder.java:696)
	at org.eclipse.jetty.servlet.ServletHandler$CachedChain.doFilter(ServletHandler.java:1568)
	at org.eclipse.jetty.servlets.UserAgentFilter.doFilter(UserAgentFilter.java:83)
	at org.eclipse.jetty.servlets.GzipFilter.doFilter(GzipFilter.java:348)
	at org.eclipse.jetty.servlet.ServletHandler$CachedChain.doFilter(ServletHandler.java:1539)
	at org.eclipse.jetty.servlet.ServletHandler.doHandle(ServletHandler.java:524)
	at org.eclipse.jetty.server.session.SessionHandler.doHandle(SessionHandler.java:219)
	at org.eclipse.jetty.server.handler.ContextHandler.doHandle(ContextHandler.java:1110)
	at org.eclipse.jetty.servlet.ServletHandler.doScope(ServletHandler.java:453)
	at org.eclipse.jetty.server.session.SessionHandler.doScope(SessionHandler.java:183)
	at org.eclipse.jetty.server.handler.ContextHandler.doScope(ContextHandler.java:1044)
	at org.eclipse.jetty.server.handler.ScopedHandler.handle(ScopedHandler.java:141)
	at org.eclipse.jetty.server.handler.HandlerCollection.handle(HandlerCollection.java:109)
	at org.eclipse.jetty.server.handler.HandlerWrapper.handle(HandlerWrapper.java:97)
	at org.eclipse.jetty.server.Server.handle(Server.java:459)
	at org.eclipse.jetty.server.HttpChannel.handle(HttpChannel.java:280)
	at org.eclipse.jetty.server.HttpConnection.onFillable(HttpConnection.java:229)
	at org.eclipse.jetty.io.AbstractConnection$1.run(AbstractConnection.java:505)
	at org.eclipse.jetty.util.thread.QueuedThreadPool.runJob(QueuedThreadPool.java:607)
	at org.eclipse.jetty.util.thread.QueuedThreadPool$3.run(QueuedThreadPool.java:536)
	at java.lang.Thread.run(Thread.java:745)
 WARN [qtp1770734042-16 - /] 2016-05-30 00:35:03,860 ServletHandler.java (line 567) /
java.lang.NullPointerException
	at front.servlets.BaseServlet.initAnnotation(BaseServlet.java:37)
	at front.servlets.IndexServlet.doGet(IndexServlet.java:24)
	at javax.servlet.http.HttpServlet.service(HttpServlet.java:687)
	at javax.servlet.http.HttpServlet.service(HttpServlet.java:790)
	at org.eclipse.jetty.servlet.ServletHolder.handle(ServletHolder.java:696)
	at org.eclipse.jetty.servlet.ServletHandler$CachedChain.doFilter(ServletHandler.java:1568)
	at org.eclipse.jetty.servlets.UserAgentFilter.doFilter(UserAgentFilter.java:83)
	at org.eclipse.jetty.servlets.GzipFilter.doFilter(GzipFilter.java:348)
	at org.eclipse.jetty.servlet.ServletHandler$CachedChain.doFilter(ServletHandler.java:1539)
	at org.eclipse.jetty.servlet.ServletHandler.doHandle(ServletHandler.java:524)
	at org.eclipse.jetty.server.session.SessionHandler.doHandle(SessionHandler.java:219)
	at org.eclipse.jetty.server.handler.ContextHandler.doHandle(ContextHandler.java:1110)
	at org.eclipse.jetty.servlet.ServletHandler.doScope(ServletHandler.java:453)
	at org.eclipse.jetty.server.session.SessionHandler.doScope(SessionHandler.java:183)
	at org.eclipse.jetty.server.handler.ContextHandler.doScope(ContextHandler.java:1044)
	at org.eclipse.jetty.server.handler.ScopedHandler.handle(ScopedHandler.java:141)
	at org.eclipse.jetty.server.handler.HandlerCollection.handle(HandlerCollection.java:109)
	at org.eclipse.jetty.server.handler.HandlerWrapper.handle(HandlerWrapper.java:97)
	at org.eclipse.jetty.server.Server.handle(Server.java:459)
	at org.eclipse.jetty.server.HttpChannel.handle(HttpChannel.java:280)
	at org.eclipse.jetty.server.HttpConnection.onFillable(HttpConnection.java:229)
	at org.eclipse.jetty.io.AbstractConnection$1.run(AbstractConnection.java:505)
	at org.eclipse.jetty.util.thread.QueuedThreadPool.runJob(QueuedThreadPool.java:607)
	at org.eclipse.jetty.util.thread.QueuedThreadPool$3.run(QueuedThreadPool.java:536)
	at java.lang.Thread.run(Thread.java:745)
 WARN [qtp1770734042-18 - /] 2016-05-30 00:35:13,705 ServletHandler.java (line 567) /
java.lang.NullPointerException
	at front.servlets.BaseServlet.initAnnotation(BaseServlet.java:37)
	at front.servlets.IndexServlet.doGet(IndexServlet.java:24)
	at javax.servlet.http.HttpServlet.service(HttpServlet.java:687)
	at javax.servlet.http.HttpServlet.service(HttpServlet.java:790)
	at org.eclipse.jetty.servlet.ServletHolder.handle(ServletHolder.java:696)
	at org.eclipse.jetty.servlet.ServletHandler$CachedChain.doFilter(ServletHandler.java:1568)
	at org.eclipse.jetty.servlets.UserAgentFilter.doFilter(UserAgentFilter.java:83)
	at org.eclipse.jetty.servlets.GzipFilter.doFilter(GzipFilter.java:348)
	at org.eclipse.jetty.servlet.ServletHandler$CachedChain.doFilter(ServletHandler.java:1539)
	at org.eclipse.jetty.servlet.ServletHandler.doHandle(ServletHandler.java:524)
	at org.eclipse.jetty.server.session.SessionHandler.doHandle(SessionHandler.java:219)
	at org.eclipse.jetty.server.handler.ContextHandler.doHandle(ContextHandler.java:1110)
	at org.eclipse.jetty.servlet.ServletHandler.doScope(ServletHandler.java:453)
	at org.eclipse.jetty.server.session.SessionHandler.doScope(SessionHandler.java:183)
	at org.eclipse.jetty.server.handler.ContextHandler.doScope(ContextHandler.java:1044)
	at org.eclipse.jetty.server.handler.ScopedHandler.handle(ScopedHandler.java:141)
	at org.eclipse.jetty.server.handler.HandlerCollection.handle(HandlerCollection.java:109)
	at org.eclipse.jetty.server.handler.HandlerWrapper.handle(HandlerWrapper.java:97)
	at org.eclipse.jetty.server.Server.handle(Server.java:459)
	at org.eclipse.jetty.server.HttpChannel.handle(HttpChannel.java:280)
	at org.eclipse.jetty.server.HttpConnection.onFillable(HttpConnection.java:229)
	at org.eclipse.jetty.io.AbstractConnection$1.run(AbstractConnection.java:505)
	at org.eclipse.jetty.util.thread.QueuedThreadPool.runJob(QueuedThreadPool.java:607)
	at org.eclipse.jetty.util.thread.QueuedThreadPool$3.run(QueuedThreadPool.java:536)
	at java.lang.Thread.run(Thread.java:745)
